0 info it worked if it ends with ok
1 verbose cli [ '/usr/bin/nodejs', '/usr/bin/npm', 'run', 'bundle-report' ]
2 info using npm@3.10.3
3 info using node@v6.4.0
4 verbose run-script [ 'prebundle-report', 'bundle-report', 'postbundle-report' ]
5 info lifecycle imsv2@0.0.0~prebundle-report: imsv2@0.0.0
6 silly lifecycle imsv2@0.0.0~prebundle-report: no script for prebundle-report, continuing
7 info lifecycle imsv2@0.0.0~bundle-report: imsv2@0.0.0
8 verbose lifecycle imsv2@0.0.0~bundle-report: unsafe-perm in lifecycle true
9 verbose lifecycle imsv2@0.0.0~bundle-report: PATH: /usr/lib/node_modules/npm/bin/node-gyp-bin:/home/jarvis/laboratory/ems-angular2/ems-client/node_modules/.bin:/usr/bin:/home/jarvis/bin:/home/jarvis/.local/bin:/usr/local/sbin:/usr/local/bin:/usr/sbin:/usr/bin:/sbin:/bin:/usr/games:/usr/local/games:/snap/bin:/usr/lib/jvm/java-8-oracle/bin:/usr/lib/jvm/java-8-oracle/db/bin:/usr/lib/jvm/java-8-oracle/jre/bin:/opt/android-sdk-linux/tools:/opt/android-sdk-linux/platform-tools
10 verbose lifecycle imsv2@0.0.0~bundle-report: CWD: /home/jarvis/laboratory/ems-angular2/ems-client
11 silly lifecycle imsv2@0.0.0~bundle-report: Args: [ '-c', 'webpack-bundle-analyzer dist/stats.json' ]
12 silly lifecycle imsv2@0.0.0~bundle-report: Returned: code: 1  signal: null
13 info lifecycle imsv2@0.0.0~bundle-report: Failed to exec bundle-report script
14 verbose stack Error: imsv2@0.0.0 bundle-report: `webpack-bundle-analyzer dist/stats.json`
14 verbose stack Exit status 1
14 verbose stack     at EventEmitter.<anonymous> (/usr/lib/node_modules/npm/lib/utils/lifecycle.js:242:16)
14 verbose stack     at emitTwo (events.js:106:13)
14 verbose stack     at EventEmitter.emit (events.js:191:7)
14 verbose stack     at ChildProcess.<anonymous> (/usr/lib/node_modules/npm/lib/utils/spawn.js:40:14)
14 verbose stack     at emitTwo (events.js:106:13)
14 verbose stack     at ChildProcess.emit (events.js:191:7)
14 verbose stack     at maybeClose (internal/child_process.js:852:16)
14 verbose stack     at Process.ChildProcess._handle.onexit (internal/child_process.js:215:5)
15 verbose pkgid imsv2@0.0.0
16 verbose cwd /home/jarvis/laboratory/ems-angular2/ems-client
17 error Linux 4.4.0-93-generic
18 error argv "/usr/bin/nodejs" "/usr/bin/npm" "run" "bundle-report"
19 error node v6.4.0
20 error npm  v3.10.3
21 error code ELIFECYCLE
22 error imsv2@0.0.0 bundle-report: `webpack-bundle-analyzer dist/stats.json`
22 error Exit status 1
23 error Failed at the imsv2@0.0.0 bundle-report script 'webpack-bundle-analyzer dist/stats.json'.
23 error Make sure you have the latest version of node.js and npm installed.
23 error If you do, this is most likely a problem with the imsv2 package,
23 error not with npm itself.
23 error Tell the author that this fails on your system:
23 error     webpack-bundle-analyzer dist/stats.json
23 error You can get information on how to open an issue for this project with:
23 error     npm bugs imsv2
23 error Or if that isn't available, you can get their info via:
23 error     npm owner ls imsv2
23 error There is likely additional logging output above.
24 verbose exit [ 1, true ]
